<?xml version="1.0" encoding="UTF-8"?>
<testsuite name="org.example.SILab2Test" tests="1" skipped="0" failures="0" errors="0" timestamp="2025-05-25T19:02:20" hostname="KERIOT" time="0.012">
  <properties/>
  <testcase name="testCondition_FFF_allFalse()" classname="org.example.SILab2Test" time="0.012"/>
  <system-out><![CDATA[]]></system-out>
  <system-err><![CDATA[]]></system-err>
</testsuite>
